=============== STARTING MSB ===============
State initialization...
Network initialization...

#####################################################################################
# MSB Address:    trac15m44r5h2s3xt95ktf8zhe5m2mt3cc2zmmcdu7cdz9y2zyay55p3sc7ml06  #
# MSB Writer:     d0feb251b30f331d39c2865ba87a090faa6efae2d6862146f3573d4dbb5cc499 #
#####################################################################################
Channel: 0000trac0network0msb0mainnet0000
isIndexer: false
isWriter: false
MSB Unsigned Length: 22244
MSB Signed Length: 22244
Balance: 0
=============== STARTING PEER ===============

######################################################################################
# Peer Address:     4978f9d9a634cdb5c02c5276b13fb547b8845832fa77323fc6352639e4b967de #
# Peer Writer:      69e3bc5259a950cd779b408221f105cc647ff3ec0907e18cfcd206857ed540fe #
######################################################################################

isIndexer: false
isWriter: false


====================INTERCOM ====================
MSB network bootstrap: acbc3a4344d3a804101d40e53db1dda82b767646425af73599d4cd6577d69685
MSB channel: 0000trac0network0msb0mainnet0000
MSB store: stores\local-joiner-msb
Peer store: stores\local-joiner
MSB DHT bootstrap nodes: 116.202.214.149:10001, 157.180.12.214:10001, node1.hyperdht.org:49737, node2.hyperdht.org:49737, node3.hyperdht.org:49737
Peer DHT bootstrap nodes: 116.202.214.149:10001, 157.180.12.214:10001, node1.hyperdht.org:49737, node2.hyperdht.org:49737, node3.hyperdht.org:49737
Peer subnet bootstrap: a1f5af5b15ba3183e73d078e3c40149f8185adf11d2f251536ab44bac480fe18
Peer subnet channel: focus-vibe-local
Peer pubkey (hex): 4978f9d9a634cdb5c02c5276b13fb547b8845832fa77323fc6352639e4b967de
Peer trac address (bech32m): trac1f9u0nkdxxnxmtspv2fmtz0a4g7uggkpjlfmny07xx5nrne9evl0qzztk4h
Peer writer key (hex): 69e3bc5259a950cd779b408221f105cc647ff3ec0907e18cfcd206857ed540fe
Sidechannel entry: 0000intercom
Sidechannel extras: focus-room-alpha
SC-Bridge: ws://127.0.0.1:49223
================================================================

Sidechannel: ready
[focus:proof-room] checkin 4978f9d9a634cdb5c02c5276b13fb547b8845832fa77323fc6352639e4b967de: working and syncing
[focus:proof-room] join 4978f9d9a634cdb5c02c5276b13fb547b8845832fa77323fc6352639e4b967de
[focus:proof-room] checkin 4978f9d9a634cdb5c02c5276b13fb547b8845832fa77323fc6352639e4b967de: working and syncing
[focus:proof-room] expired automatically
